Listening for transport dt_socket at address: 8000
12:20:58,093 INFO  ~ Starting /Users/walterjavierfranck/playlatam
12:20:58,866 WARN  ~ You're running Play! in DEV mode
12:20:59,031 INFO  ~ Listening for HTTP on port 9000 (Waiting a first request to start) ...
12:21:09,793 INFO  ~ Application 'Ejemplo para playlatam' is now started !
12:26:27,430 ERROR ~ 

@69mafggh2
Internal Server Error (500) for request GET /

No route found (In /app/views/Application/index.html around line 6)
No route able to invoke action Application.sayHello was found.

play.exceptions.NoRouteFoundException: No route found
	at play.templates.BaseTemplate.throwException(BaseTemplate.java:82)
	at play.templates.GroovyTemplate.internalRender(GroovyTemplate.java:242)
	at play.templates.Template.render(Template.java:26)
	at play.templates.GroovyTemplate.render(GroovyTemplate.java:187)
	at play.mvc.results.RenderTemplate.<init>(RenderTemplate.java:24)
	at play.mvc.Controller.renderTemplate(Controller.java:660)
	at play.mvc.Controller.renderTemplate(Controller.java:640)
	at play.mvc.Controller.render(Controller.java:695)
	at controllers.Application.index(Application.java:13)
	at play.mvc.ActionInvoker.invokeWithContinuation(ActionInvoker.java:548)
	at play.mvc.ActionInvoker.invoke(ActionInvoker.java:502)
	at play.mvc.ActionInvoker.invokeControllerMethod(ActionInvoker.java:478)
	at play.mvc.ActionInvoker.invokeControllerMethod(ActionInvoker.java:473)
	at play.mvc.ActionInvoker.invoke(ActionInvoker.java:161)
	at Invocation.HTTP Request(Play!)
12:36:48,023 ERROR ~ 

@69mafggh5
Internal Server Error (500) for request GET /

No route found (In /app/views/Application/index.html around line 6)
No route able to invoke action Application.sayHello was found.

play.exceptions.NoRouteFoundException: No route found
	at play.templates.BaseTemplate.throwException(BaseTemplate.java:82)
	at play.templates.GroovyTemplate.internalRender(GroovyTemplate.java:242)
	at play.templates.Template.render(Template.java:26)
	at play.templates.GroovyTemplate.render(GroovyTemplate.java:187)
	at play.mvc.results.RenderTemplate.<init>(RenderTemplate.java:24)
	at play.mvc.Controller.renderTemplate(Controller.java:660)
	at play.mvc.Controller.renderTemplate(Controller.java:640)
	at play.mvc.Controller.render(Controller.java:695)
	at controllers.Application.index(Application.java:13)
	at play.mvc.ActionInvoker.invokeWithContinuation(ActionInvoker.java:548)
	at play.mvc.ActionInvoker.invoke(ActionInvoker.java:502)
	at play.mvc.ActionInvoker.invokeControllerMethod(ActionInvoker.java:478)
	at play.mvc.ActionInvoker.invokeControllerMethod(ActionInvoker.java:473)
	at play.mvc.ActionInvoker.invoke(ActionInvoker.java:161)
	at Invocation.HTTP Request(Play!)
13:18:30,786 ERROR ~ 

@69mafggh7
Internal Server Error (500) for request POST /application/sayhello

Template not found (In /app/controllers/Application.java around line 17)
The template Application/sayHello.html does not exist.

play.exceptions.TemplateNotFoundException: Template not found : Application/sayHello.html
	at play.mvc.Controller.renderTemplate(Controller.java:667)
	at play.mvc.Controller.renderTemplate(Controller.java:640)
	at play.mvc.Controller.render(Controller.java:695)
	at controllers.Application.sayHello(Application.java:17)
	at play.mvc.ActionInvoker.invokeWithContinuation(ActionInvoker.java:548)
	at play.mvc.ActionInvoker.invoke(ActionInvoker.java:502)
	at play.mvc.ActionInvoker.invokeControllerMethod(ActionInvoker.java:478)
	at play.mvc.ActionInvoker.invokeControllerMethod(ActionInvoker.java:473)
	at play.mvc.ActionInvoker.invoke(ActionInvoker.java:161)
	at Invocation.HTTP Request(Play!)
